[07:23:45] [main/INFO]: Loading Minecraft 26.1.2 with Fabric Loader 0.19.2
[07:23:45] [main/INFO]: Mappings not present!
[07:23:46] [main/WARN]: Warnings were found!
 - Mod 'Dynamic Lights' (dynamiclights) 1.9.3+mod recommends any version of midnightlib, which is missing!
	 - You should install any version of midnightlib for the optimal experience.
[07:23:46] [main/INFO]: Loading 131 mods:
	- advancednetherite 2.4.1-26.1.2
	- appleskin 3.0.10+mc26.1.2
	- architectury 20.0.9
	- artifacts 15.0.0
	   |-- cardinal-components-base 8.0.0
	   |-- cardinal-components-entity 8.0.0
	   \-- expandability 14.0.0
	- balm 26.1.2.9
	   \-- kuma_api 26.1.2.2
	- cloth-config 26.1.154
	   \-- cloth-basic-math 0.6.1
	- clumps 26.1.2.1
	- cobweb 1.4.0
	- collective 8.32
	- comforts 15.0.0+26.1.2
	   |-- cardinal-components-base 8.0.0
	   |-- cardinal-components-entity 8.0.0
	   \-- spectrelib 0.21.0+26.1.2
	        |-- com_electronwill_night-config_core 3.8.4
	        \-- com_electronwill_night-config_toml 3.8.4
	- doubledoors 7.2
	- durabilitytooltip 1.1.6
	- dynamiclights 1.9.3+mod
	- entityculling 1.10.5
	   |-- transition 1.0.21
	   \-- trender 1.0.15
	- fabric-api 0.155.2+26.1.2
	   |-- fabric-api-base 2.0.3+ece063234c
	   |-- fabric-api-lookup-api-v1 2.0.12+d5a053b64c
	   |-- fabric-biome-api-v1 18.0.5+2fa62b4e4c
	   |-- fabric-block-api-v1 3.0.2+ec56b6014c
	   |-- fabric-block-getter-api-v2 2.0.6+ec56b6014c
	   |-- fabric-command-api-v2 3.0.5+e2bdee784c
	   |-- fabric-content-registries-v0 11.3.0+0082c9664c
	   |-- fabric-convention-tags-v2 4.6.2+4f11f7994c
	   |-- fabric-crash-report-info-v1 1.0.3+9f78a5a84c
	   |-- fabric-creative-tab-api-v1 5.0.11+d871b99e4c
	   |-- fabric-data-attachment-api-v1 2.2.9+44a0bd1d4c
	   |-- fabric-data-generation-api-v1 24.3.3+cda368334c
	   |-- fabric-debug-api-v1 1.0.1+c792624d4c
	   |-- fabric-dimensions-v1 5.1.7+ad343a8d4c
	   |-- fabric-entity-events-v1 5.0.2+e2bdee784c
	   |-- fabric-events-interaction-v0 5.2.2+07b380be4c
	   |-- fabric-game-rule-api-v1 4.0.5+d871b99e4c
	   |-- fabric-item-api-v1 14.3.0+6d1aaa724c
	   |-- fabric-key-mapping-api-v1 2.0.4+e2bdee784c
	   |-- fabric-lifecycle-events-v1 4.1.1+df84eb3d4c
	   |-- fabric-loot-api-v3 3.0.12+00a1fba64c
	   |-- fabric-menu-api-v1 2.0.14+d871b99e4c
	   |-- fabric-message-api-v1 7.0.5+dae8ce3e4c
	   |-- fabric-model-loading-api-v1 8.0.11+c80601bb4c
	   |-- fabric-networking-api-v1 6.3.1+554860db4c
	   |-- fabric-object-builder-api-v1 23.1.0+abb459f14c
	   |-- fabric-particles-v1 5.0.15+b61fef434c
	   |-- fabric-permission-api-v1 1.0.2+7437387b4c
	   |-- fabric-recipe-api-v1 9.0.16+be4b75ae4c
	   |-- fabric-registry-sync-v0 7.1.0+2fa62b4e4c
	   |-- fabric-renderer-api-v1 13.0.8+c80601bb4c
	   |-- fabric-renderer-indigo 8.1.5+1403e82c4c
	   |-- fabric-rendering-fluids-v1 6.0.1+d871b99e4c
	   |-- fabric-rendering-v1 23.3.1+e9207d814c
	   |-- fabric-resource-conditions-api-v1 6.1.0+83dd0ba34c
	   |-- fabric-resource-loader-v0 3.3.17+4fc5413f4c
	   |-- fabric-resource-loader-v1 2.0.10+7c44c7324c
	   |-- fabric-screen-api-v1 5.1.0+981dd9b24c
	   |-- fabric-serialization-api-v1 2.0.3+11a26f314c
	   |-- fabric-sound-api-v1 2.0.4+11a26f314c
	   |-- fabric-tag-api-v1 2.1.1+371cf5db4c
	   |-- fabric-transfer-api-v1 8.0.6+357ea7334c
	   \-- fabric-transitive-access-wideners-v1 8.1.3+3ff549fb4c
	- fabric-language-kotlin 1.13.13+kotlin.2.4.10
	   |-- org_jetbrains_kotlin_kotlin-reflect 2.4.10
	   |-- org_jetbrains_kotlin_kotlin-stdlib 2.4.10
	   |-- org_jetbrains_kotlin_kotlin-stdlib-jdk7 2.4.10
	   |-- org_jetbrains_kotlin_kotlin-stdlib-jdk8 2.4.10
	   |-- org_jetbrains_kotlinx_atomicfu-jvm 0.33.0
	   |-- org_jetbrains_kotlinx_kotlinx-coroutines-core-jvm 1.11.0
	   |-- org_jetbrains_kotlinx_kotlinx-coroutines-jdk8 1.11.0
	   |-- org_jetbrains_kotlinx_kotlinx-datetime-jvm 0.8.0
	   |-- org_jetbrains_kotlinx_kotlinx-io-bytestring-jvm 0.9.1
	   |-- org_jetbrains_kotlinx_kotlinx-io-core-jvm 0.9.1
	   |-- org_jetbrains_kotlinx_kotlinx-serialization-cbor-jvm 1.11.0
	   |-- org_jetbrains_kotlinx_kotlinx-serialization-core-jvm 1.11.0
	   \-- org_jetbrains_kotlinx_kotlinx-serialization-json-jvm 1.11.0
	- fabricloader 0.19.2
	   \-- mixinextras 0.5.4
	- fallingtree 25
	- ferritecore 9.0.0
	- forgeconfigapiport 26.1.5
	- fullbrightnesstoggle 4.5
	- geckolib 5.5.2
	- harvest_with_ease 9.4.0
	- iceberg 1.4.1.1
	- infinitetrading 5.0
	- inventorymanagement 2.0.1+26.1
	- jade 26.1.8+fabric
	- java 25
	- jei 29.16.0.47
	- justhammers 26.1.2.1
	- justzoom 2.1.4
	- konkrete 1.10.2
	- librarian-filter 1.0.3
	   \-- com_gbdhapa_common 1.0.3
	- minecraft 26.1.2
	- netherportalfix 26.1.0.1
	- notenoughanimations 1.12.4
	   |-- transition 1.0.21
	   \-- trender 1.0.15
	- placeholder-api 3.0.0+26.1
	- player_animation_library 1.2.5+mc.26.1
	   |-- com_zigythebird_mochafloats 5.0.0
	   \-- org_redlance_common-utils_services 1.2.8
	- puzzleslib 26.1.12
	- shulkerboxtooltip 5.3.0+26.1.1
	- skinlayers3d 1.11.2
	   |-- transition 1.0.21
	   \-- trender 1.0.15
	- sound_physics_remastered 1.5.1+26.1.2
	- spark 1.10.173
	   \-- fabric-permissions-api-v0 0.7.0
	- supermartijn642configlib 1.1.8
	- trade_cycling 1.0.21+26.1.2
	   |-- fabric-key-mapping-api-v1 2.0.4+e2bdee7859
	   \-- fabric-screen-api-v1 5.0.1+d871b99e59
	- trashslot 26.1.2.3
	- travelersbackpack 11.2.8
	- trinkets_updated 4.0.0-beta.3+26.1
	   \-- yumi_mc_core 1.0.1+26.1
	        |-- yumi_commons_collections 2.0.0
	        |-- yumi_commons_core 2.0.0
	        \-- yumi_commons_event 2.0.0
	- universal_ores 1.8.0
	- universalbonemeal 26.1.0
	- xaerominimap 26.4.2
	   \-- xaerolib 1.7.1
	- xaeroworldmap 1.44.2
	   \-- xaerolib 1.7.1
	- xtoxray 2026.22
	- yet_another_config_lib_v3 3.9.5+26.1-fabric
	   |-- com_twelvemonkeys_common_common-image 3.12.0
	   |-- com_twelvemonkeys_common_common-io 3.12.0
	   |-- com_twelvemonkeys_common_common-lang 3.12.0
	   |-- com_twelvemonkeys_imageio_imageio-core 3.12.0
	   |-- com_twelvemonkeys_imageio_imageio-metadata 3.12.0
	   |-- com_twelvemonkeys_imageio_imageio-webp 3.12.0
	   |-- org_quiltmc_parsers_gson 0.2.1
	   \-- org_quiltmc_parsers_json 0.2.1
[07:23:46] [main/INFO]: SpongePowered MIXIN Subsystem Version=0.8.7 Source=file:/workspaces/DISEM-SERVER/servidor_minecraft/libraries/net/fabricmc/sponge-mixin/0.17.2+mixin.0.8.7/sponge-mixin-0.17.2+mixin.0.8.7.jar Service=Knot/Fabric Env=SERVER
[07:23:46] [main/INFO]: Compatibility level set to JAVA_25
[07:23:46] [main/WARN]: Reference map 'clumps.refmap.json' for clumps.mixins.json could not be read. If this is a development environment you can ignore this message
[07:23:46] [main/WARN]: Reference map 'cobweb.refmap.json' for cobweb.mixins.json could not be read. If this is a development environment you can ignore this message
[07:23:46] [main/WARN]: Reference map 'cobweb.refmap.json' for cobweb.fabric.mixins.json could not be read. If this is a development environment you can ignore this message
[07:23:46] [main/WARN]: Reference map 'durabilitytooltip.mixins.refmap.json' for durabilitytooltip.mixins.json could not be read. If this is a development environment you can ignore this message
[07:23:46] [main/WARN]: Reference map 'entityculling.refmap.mixins.json' for entityculling.mixins.json could not be read. If this is a development environment you can ignore this message
[07:23:47] [main/WARN]: Reference map 'kuma_api.refmap.json' for kuma_api.mixins.json could not be read. If this is a development environment you can ignore this message
[07:23:47] [main/WARN]: Reference map 'kuma_api.refmap.json' for kuma_api.fabric.mixins.json could not be read. If this is a development environment you can ignore this message
[07:23:47] [main/WARN]: Reference map 'netherportalfix.refmap.json' for netherportalfix.mixins.json could not be read. If this is a development environment you can ignore this message
[07:23:47] [main/WARN]: Reference map 'netherportalfix.refmap.json' for netherportalfix.fabric.mixins.json could not be read. If this is a development environment you can ignore this message
[07:23:47] [main/WARN]: Reference map 'skinlayers3d.refmap.mixins.json' for skinlayers3d.mixins.json could not be read. If this is a development environment you can ignore this message
[07:23:47] [main/WARN]: Reference map 'supermartijn642configlib.mixins.refmap.json' for supermartijn642configlib.mixins.json could not be read. If this is a development environment you can ignore this message
[07:23:47] [main/WARN]: Reference map 'trashslot.refmap.json' for trashslot.mixins.json could not be read. If this is a development environment you can ignore this message
[07:23:47] [main/WARN]: Reference map 'trashslot.refmap.json' for trashslot.fabric.mixins.json could not be read. If this is a development environment you can ignore this message
[07:23:47] [main/WARN]: Reference map 'xaerolib.refmap.json' for xaerolib.mixins.json could not be read. If this is a development environment you can ignore this message
[07:23:47] [main/WARN]: Reference map 'xaeroworldmap.refmap.json' for xaeroworldmap.mixins.json could not be read. If this is a development environment you can ignore this message
[07:23:47] [main/WARN]: Reference map 'yet_another_config_lib_v3.refmap.json' for yacl.mixins.json could not be read. If this is a development environment you can ignore this message
[07:23:47] [main/WARN]: Reference map 'yet_another_config_lib_v3.refmap.json' for yacl-fabric.mixins.json could not be read. If this is a development environment you can ignore this message
[07:23:47] [main/WARN]: Error loading class: net/minecraft/client/gui/screens/inventory/AbstractContainerScreen (java.lang.ClassNotFoundException: net/minecraft/client/gui/screens/inventory/AbstractContainerScreen)
[07:23:47] [main/WARN]: @Mixin target net.minecraft.client.gui.screens.inventory.AbstractContainerScreen was not found inventorymanagement.me_roundaround_inventorymanagement_mixin.mixins.json:AbstractContainerScreenAccessor from mod inventorymanagement
[07:23:47] [main/WARN]: Error loading class: net/minecraft/client/gui/screens/Screen (java.lang.ClassNotFoundException: net/minecraft/client/gui/screens/Screen)
[07:23:47] [main/WARN]: @Mixin target net.minecraft.client.gui.screens.Screen was not found inventorymanagement.me_roundaround_inventorymanagement_mixin.mixins.json:ScreenAccessor from mod inventorymanagement
[07:23:47] [main/WARN]: Error loading class: de/siphalor/amecs/key_modifiers/impl/AmecsKeyModifiersEarlyInit (java.lang.ClassNotFoundException: de/siphalor/amecs/key_modifiers/impl/AmecsKeyModifiersEarlyInit)
[07:23:47] [main/WARN]: @Mixin target de.siphalor.amecs.key_modifiers.impl.AmecsKeyModifiersEarlyInit was not found jei.mixins.json:AmecsKeyModifiersEarlyInitMixin from mod jei
[07:23:47] [main/WARN]: Error loading class: net/minecraft/client/gui/screens/inventory/CreativeModeInventoryScreen (java.lang.ClassNotFoundException: net/minecraft/client/gui/screens/inventory/CreativeModeInventoryScreen)
[07:23:47] [main/WARN]: @Mixin target net.minecraft.client.gui.screens.inventory.CreativeModeInventoryScreen was not found trinkets.mixins.json:client.accessor.CreativeModeInventoryScreenAccessor from mod trinkets_updated
[07:23:48] [main/INFO]: Initializing MixinExtras via com.llamalad7.mixinextras.service.MixinExtrasServiceImpl(version=0.5.4).
[07:23:55] [main/INFO]: Initializing platform helper for Advanced Netherite!
[07:23:56] [main/INFO]: Mod proxy balm:permissions resolved as net.blay09.mods.balm.fabric.platform.compatibility.permissions.internal.FabricPermissionsAPIIntegration@495e7432
[07:23:56] [main/INFO]: Loading Collective version 8.32.
[07:23:56] [main/INFO]: [Dynamic Lights] Loaded Dynamic Lights by Tschipcraft successfully!
[07:23:56] [main/INFO]: ExpandAbility here, who dis?
[07:23:57] [main/WARN]: [JUST ZOOM] Disabling 'Just Zoom' since it's a client-side mod and current environment is server!
[07:23:57] [main/INFO]: [KONKRETE] Loading v1.10.2 in server-side mode on FABRIC!
[07:23:57] [main/INFO]: [KONKRETE] Server-side modules initialized and ready to use!
[07:23:57] [main/INFO]: Constructing components for puzzleslib:common
[07:23:57] [main/INFO]: Registered the FluidEffect with Unique ID of minecraft:water for Water (Fluid Amount Required: 81000) with the ID 0
[07:23:57] [main/INFO]: Registered the FluidEffect with Unique ID of minecraft:lava for Lava (Fluid Amount Required: 81000) with the ID 1
[07:23:57] [main/INFO]: Registered the FluidEffect with Unique ID of travelersbackpack:potion for block.travelersbackpack.potion_still (Fluid Amount Required: 27000) with the ID 2
[07:23:57] [main/INFO]: Registered the FluidEffect with Unique ID of minecraft:milk for Air (Fluid Amount Required: 81000) with the ID 3
[07:23:57] [main/INFO]: Constructing components for universalbonemeal:common
[07:23:57] [main/INFO]: XtoXray 2026.22 initialized on Minecraft!
[07:23:57] [main/INFO]: XtoXray: Network payloads registered successfully
[07:23:57] [main/INFO]: XtoXray: Commands registered
[07:23:57] [main/INFO]: Registering common data for channel xaerolib:main!
[07:23:57] [main/INFO]: Loading primary common config for channel xaerolib:main!
[07:23:57] [main/INFO]: Loading server config profiles for channel xaerolib:main!
[07:23:57] [main/INFO]: Loading XaeroLib common 1/2!
[07:23:57] [main/INFO]: Loading XaeroLib server 1/2!
[07:23:57] [main/INFO]: Registering common data for channel xaerominimap:main!
[07:23:57] [main/INFO]: Loading primary common config for channel xaerominimap:main!
[07:23:57] [main/INFO]: Loading server config profiles for channel xaerominimap:main!
[07:23:57] [main/INFO]: Loading Xaero's Minimap - Stage 1/2 (Server)
[07:23:57] [main/INFO]: Registering common data for channel xaeroworldmap:main!
[07:23:57] [main/INFO]: Loading primary common config for channel xaeroworldmap:main!
[07:23:57] [main/INFO]: Loading server config profiles for channel xaeroworldmap:main!
[07:23:57] [main/INFO]: Loading Xaero's World Map - Stage 1/2 (Server)
[07:23:57] [main/INFO]: Initializing mods (entrypoint yumi:init)...
[07:23:58] [main/INFO]: Environment: Environment[sessionHost=https://sessionserver.mojang.com, servicesHost=https://api.minecraftservices.com, profilesHost=https://api.mojang.com, name=PROD]
[07:24:00] [main/INFO]: Loaded 1895 recipes
[07:24:00] [main/INFO]: Loaded 2032 advancements
[07:24:01] [main/INFO]: Applied 108 biome modifications to 54 of 65 new biomes in 11.09 ms
[07:24:01] [Server thread/INFO]: Dispatching loading event for config universalbonemeal-server.toml
[07:24:01] [Server thread/INFO]: Starting background profiler...
[07:24:01] [Server thread/INFO]: Loading XaeroLib common 2/2!
[07:24:01] [Server thread/INFO]: Loading XaeroLib server 2/2!
[07:24:01] [Server thread/INFO]: Starting minecraft server version 26.1.2
[07:24:01] [Server thread/INFO]: Loading properties
[07:24:01] [Server thread/INFO]: Default game type: SURVIVAL
[07:24:01] [Server thread/INFO]: Generating keypair
[07:24:01] [Server thread/INFO]: Starting Minecraft server on *:25565
[07:24:01] [Server thread/WARN]: **** SERVER IS RUNNING IN OFFLINE/INSECURE MODE!
[07:24:01] [Server thread/WARN]: The server will make no attempt to authenticate usernames. Beware.
[07:24:01] [Server thread/WARN]: While this makes the game possible to play without internet access, it also opens up the ability for hackers to connect with any username they choose.
[07:24:01] [Server thread/WARN]: To change this, set "online-mode" to "true" in the server.properties file.
[07:24:01] [Server thread/INFO]: Preparing level "world"
[07:24:02] [Server thread/INFO]: Loading 0 persistent chunks...
[07:24:02] [Server thread/INFO]: Preparing spawn area: 100%
[07:24:02] [Server thread/INFO]: Time elapsed: 12 ms
[07:24:02] [Server thread/INFO]: Done (0.580s)! For help, type "help"
[07:24:02] [Server thread/INFO]: Saving chunks for level 'ServerLevel[world]'/minecraft:overworld
[07:24:02] [Server thread/INFO]: Saving chunks for level 'ServerLevel[world]'/minecraft:the_end
[07:24:02] [Server thread/INFO]: Saving chunks for level 'ServerLevel[world]'/minecraft:the_nether
[07:24:02] [Server thread/INFO]: ThreadedAnvilChunkStorage (world): All chunks are saved
[07:24:02] [Server thread/INFO]: ThreadedAnvilChunkStorage (DIM1): All chunks are saved
[07:24:02] [Server thread/INFO]: ThreadedAnvilChunkStorage (DIM-1): All chunks are saved
[07:24:02] [Server thread/INFO]: ThreadedAnvilChunkStorage: All dimensions are saved
[07:24:02] [Server thread/INFO]: Start loading plugin from Balm: net.blay09.mods.balm.platform.compatibility.hudinfo.internal.JadeModIntegration
[07:24:02] [Server thread/INFO]: Start loading plugin from Jade: snownee.jade.addon.core.CorePlugin
[07:24:02] [Server thread/INFO]: Start loading plugin from Jade: snownee.jade.addon.vanilla.VanillaPlugin
[07:24:02] [Server thread/INFO]: Start loading plugin from Jade: snownee.jade.addon.universal.UniversalPlugin
[07:24:02] [Server thread/INFO]: Start loading plugin from Jade: snownee.jade.addon.access.AccessibilityPlugin
[07:24:02] [Server thread/INFO]: Start loading plugin from Jade: snownee.jade.addon.debug.DebugPlugin
[07:24:02] [Server thread/ERROR]: Couldn't load tag minecraft:armorer/level_2 as it is missing following references: minecraft:armorer/2/emerald_iron_boots_group_1 (from trade_rebalance), minecraft:armorer/2/emerald_iron_chestplate_group_1 (from trade_rebalance), minecraft:armorer/2/emerald_iron_leggings_group_1 (from trade_rebalance), minecraft:armorer/2/emerald_iron_helmet_group_1 (from trade_rebalance), minecraft:armorer/2/emerald_chainmail_helmet_group_2 (from trade_rebalance), minecraft:armorer/2/emerald_chainmail_boots_group_2 (from trade_rebalance), minecraft:armorer/2/emerald_chainmail_chainmail_group_2 (from trade_rebalance), minecraft:armorer/2/emerald_chainmail_leggings_group_2 (from trade_rebalance)
[07:24:02] [Server thread/ERROR]: Couldn't load tag minecraft:armorer/level_1 as it is missing following references: minecraft:armorer/1/iron_ingot_emerald (from trade_rebalance)
[07:24:02] [Server thread/ERROR]: Couldn't load tag minecraft:armorer/level_5 as it is missing following references: minecraft:armorer/5/emerald_and_diamond_diamond_chestplate_desert (from trade_rebalance), minecraft:armorer/5/emerald_and_diamond_diamond_leggings_desert (from trade_rebalance), minecraft:armorer/5/emerald_and_diamond_diamond_leggings_plains (from trade_rebalance), minecraft:armorer/5/emerald_and_diamond_diamond_boots_plains (from trade_rebalance), minecraft:armorer/5/emerald_and_diamond_diamond_helmet_savanna (from trade_rebalance), minecraft:armorer/5/emerald_and_diamond_diamond_chestplate_savanna (from trade_rebalance), minecraft:armorer/5/emerald_and_diamond_diamond_boots_snow (from trade_rebalance), minecraft:armorer/5/emerald_and_diamond_diamond_helmet_snow (from trade_rebalance), minecraft:armorer/5/emerald_chainmail_helmet_jungle (from trade_rebalance), minecraft:armorer/5/emerald_chainmail_boots_jungle (from trade_rebalance), minecraft:armorer/5/emerald_chainmail_helmet_swamp (from trade_rebalance), minecraft:armorer/5/emerald_chainmail_boots_swamp (from trade_rebalance), minecraft:armorer/5/emerald_and_diamond_diamond_chestplate_taiga (from trade_rebalance), minecraft:armorer/5/emerald_and_diamond_diamond_leggings_taiga (from trade_rebalance), minecraft:armorer/5/diamond_block_emerald_taiga (from trade_rebalance), minecraft:armorer/5/iron_block_emerald_non_taiga (from trade_rebalance)
[07:24:02] [Server thread/ERROR]: Couldn't load tag minecraft:armorer/level_4 as it is missing following references: minecraft:armorer/4/emerald_enchanted_iron_boots_desert (from trade_rebalance), minecraft:armorer/4/emerald_enchanted_iron_helmet_desert (from trade_rebalance), minecraft:armorer/4/emerald_enchanted_iron_leggings_desert (from trade_rebalance), minecraft:armorer/4/emerald_enchanted_iron_chestplate_desert (from trade_rebalance), minecraft:armorer/4/emerald_enchanted_iron_boots_plains (from trade_rebalance), minecraft:armorer/4/emerald_enchanted_iron_helmet_plains (from trade_rebalance), minecraft:armorer/4/emerald_enchanted_iron_leggings_plains (from trade_rebalance), minecraft:armorer/4/emerald_enchanted_iron_chestplate_plains (from trade_rebalance), minecraft:armorer/4/emerald_enchanted_iron_boots_savanna (from trade_rebalance), minecraft:armorer/4/emerald_enchanted_iron_helmet_savanna (from trade_rebalance), minecraft:armorer/4/emerald_enchanted_iron_leggings_savanna (from trade_rebalance), minecraft:armorer/4/emerald_enchanted_iron_chestplate_savanna (from trade_rebalance), minecraft:armorer/4/emerald_enchanted_iron_boots_snow (from trade_rebalance), minecraft:armorer/4/emerald_enchanted_iron_helmet_snow (from trade_rebalance), minecraft:armorer/4/emerald_enchanted_chainmail_boots_jungle (from trade_rebalance), minecraft:armorer/4/emerald_enchanted_chainmail_helmet_jungle (from trade_rebalance), minecraft:armorer/4/emerald_enchanted_chainmail_leggings_jungle (from trade_rebalance), minecraft:armorer/4/emerald_enchanted_chainmail_chestplate_jungle (from trade_rebalance), minecraft:armorer/4/emerald_enchanted_chainmail_boots_swamp (from trade_rebalance), minecraft:armorer/4/emerald_enchanted_chainmail_helmet_swamp (from trade_rebalance), minecraft:armorer/4/emerald_enchanted_chainmail_leggings_swamp (from trade_rebalance), minecraft:armorer/4/emerald_enchanted_chainmail_chestplate_swamp (from trade_rebalance), minecraft:armorer/4/emerald_and_diamond_boots_diamond_leggings_taiga (from trade_rebalance), minecraft:armorer/4/emerald_and_diamond_leggings_diamond_chestplate_taiga (from trade_rebalance), minecraft:armorer/4/emerald_and_diamond_helmet_diamond_boots_taiga (from trade_rebalance), minecraft:armorer/4/emerald_and_diamond_chestplate_diamond_helmet_taiga (from trade_rebalance)
[07:24:02] [Server thread/ERROR]: Couldn't load tag minecraft:armorer/level_3 as it is missing following references: minecraft:armorer/3/emerald_bell (from trade_rebalance)
[07:24:02] [Server thread/ERROR]: Couldn't load tag minecraft:librarian/level_2 as it is missing following references: minecraft:librarian/2/emerald_and_book_desert_enchanted_book (from trade_rebalance), minecraft:librarian/2/emerald_and_book_jungle_enchanted_book (from trade_rebalance), minecraft:librarian/2/emerald_and_book_plains_enchanted_book (from trade_rebalance), minecraft:librarian/2/emerald_and_book_savanna_enchanted_book (from trade_rebalance), minecraft:librarian/2/emerald_and_book_snow_enchanted_book (from trade_rebalance), minecraft:librarian/2/emerald_and_book_swamp_enchanted_book (from trade_rebalance), minecraft:librarian/2/emerald_and_book_taiga_enchanted_book (from trade_rebalance)
[07:24:02] [Server thread/ERROR]: Couldn't load tag minecraft:librarian/level_1 as it is missing following references: minecraft:librarian/1/emerald_and_book_desert_enchanted_book (from trade_rebalance), minecraft:librarian/1/emerald_and_book_jungle_enchanted_book (from trade_rebalance), minecraft:librarian/1/emerald_and_book_plains_enchanted_book (from trade_rebalance), minecraft:librarian/1/emerald_and_book_savanna_enchanted_book (from trade_rebalance), minecraft:librarian/1/emerald_and_book_snow_enchanted_book (from trade_rebalance), minecraft:librarian/1/emerald_and_book_swamp_enchanted_book (from trade_rebalance), minecraft:librarian/1/emerald_and_book_taiga_enchanted_book (from trade_rebalance)
[07:24:02] [Server thread/ERROR]: Couldn't load tag minecraft:librarian/level_5 as it is missing following references: minecraft:librarian/5/emerald_and_book_desert_enchanted_book (from trade_rebalance), minecraft:librarian/5/emerald_and_book_jungle_enchanted_book (from trade_rebalance), minecraft:librarian/5/emerald_and_book_plains_enchanted_book (from trade_rebalance), minecraft:librarian/5/emerald_and_book_savanna_enchanted_book (from trade_rebalance), minecraft:librarian/5/emerald_and_book_snow_enchanted_book (from trade_rebalance), minecraft:librarian/5/emerald_and_book_swamp_enchanted_book (from trade_rebalance), minecraft:librarian/5/emerald_and_book_taiga_enchanted_book (from trade_rebalance)
[07:24:02] [Server thread/ERROR]: Couldn't load tag minecraft:librarian/level_3 as it is missing following references: minecraft:librarian/3/emerald_and_book_desert_enchanted_book (from trade_rebalance), minecraft:librarian/3/emerald_and_book_jungle_enchanted_book (from trade_rebalance), minecraft:librarian/3/emerald_and_book_plains_enchanted_book (from trade_rebalance), minecraft:librarian/3/emerald_and_book_savanna_enchanted_book (from trade_rebalance), minecraft:librarian/3/emerald_and_book_snow_enchanted_book (from trade_rebalance), minecraft:librarian/3/emerald_and_book_swamp_enchanted_book (from trade_rebalance), minecraft:librarian/3/emerald_and_book_taiga_enchanted_book (from trade_rebalance)
[07:24:05] [Server thread/INFO]: Loaded 1895 recipes
[07:24:05] [Server thread/INFO]: Loaded 2032 advancements
[07:24:05] [Server thread/WARN]: Can't keep up! Is the server overloaded? Running 3476ms or 69 ticks behind
[07:24:05] [Server thread/INFO]: Loading Xaero's Minimap - Stage 2/2 (Server)
[07:24:05] [Server thread/INFO]: Loading Xaero's World Map - Stage 2/2 (Server)
[07:24:16] [Server thread/INFO]: Liraanto[/100.97.141.31:50978] logged in with entity id 69 at (866.1500413319689, 116.0, -526.7083580264718)
[07:24:16] [Server thread/INFO]: Liraanto joined the game
[07:24:16] [Server thread/INFO]: Sending item configs to client
[07:24:18] [Server thread/INFO]: [ShulkerBoxTooltip] Liraanto: protocol version: 2.0
[07:24:18] [Server thread/INFO]: [ShulkerBoxTooltip Plugins] Loading 1 plugin: shulkerboxtooltip
[07:24:18] [Server thread/INFO]: [ShulkerBoxTooltip Plugins] Registered 52 providers for mod shulkerboxtooltip
[07:24:26] [Server thread/INFO]: STR1244[/100.82.88.116:65329] logged in with entity id 365 at (888.925790729306, 71.0, -443.26119747002207)
[07:24:26] [Server thread/INFO]: STR1244 joined the game
[07:24:26] [Server thread/INFO]: Sending item configs to client
[07:24:28] [Server thread/INFO]: [ShulkerBoxTooltip] STR1244: protocol version: 2.0
[07:24:46] [Server thread/INFO]: [STR1244: Set minecraft:overworld to time marker minecraft:day]
[07:25:03] [Server thread/INFO]: Loaded 1895 recipes
[07:25:03] [Server thread/INFO]: Loaded 2032 advancements
[07:25:03] [Server thread/INFO]: [STR1244: Toggled disableTradeRebalance to true]
[07:34:21] [Server thread/INFO]: [STR1244: Set minecraft:overworld to time marker minecraft:day]
[07:36:51] [Server thread/INFO]: [Liraanto: Teleported Liraanto to -73.500000, 70.500000, 58.500000]
[07:38:24] [Server thread/INFO]: [STR1244: Set minecraft:overworld to time marker minecraft:day]
[07:38:29] [Server thread/INFO]: [STR1244: Set minecraft:overworld to time marker minecraft:night]
[07:39:04] [Server thread/INFO]: [Liraanto: Teleported Liraanto to 888.500000, 116.500000, -526.500000]
[07:39:47] [Server thread/INFO]: [STR1244: Set minecraft:overworld to time marker minecraft:day]
[07:40:06] [Server thread/INFO]: [STR1244: Set minecraft:overworld to time marker minecraft:night]
[07:40:57] [Server thread/INFO]: [STR1244: Set minecraft:overworld to time marker minecraft:day]
[07:41:58] [Server thread/INFO]: [Liraanto: Teleported Liraanto to -73.500000, 70.500000, 58.500000]
[07:43:06] [Server thread/INFO]: [Liraanto: Teleported Liraanto to 880.500000, 117.500000, -530.500000]
